<?xml version="1.0" encoding="UTF-8"?>
<!-- Generated by org.testng.reporters.JUnitReportReporter -->
<testsuite skipped="0" hostname="DESKTOP-AV8S3P8" name="com.atmecs.testscript.TestScript" tests="1" failures="0" timestamp="2020-03-30T19:56:41 IST" time="51.503" errors="0">
  <testcase name="validateHomePage" time="51.503" classname="com.atmecs.testscript.TestScript"/>
  <system-out/>
</testsuite> <!-- com.atmecs.testscript.TestScript -->
